#
# There is insufficient memory for the Java Runtime Environment to continue.
# Native memory allocation (malloc) failed to allocate 1048576 bytes for AllocateHeap
# Possible reasons:
#   The system is out of physical RAM or swap space
#   The process is running with CompressedOops enabled, and the Java Heap may be blocking the growth of the native heap
# Possible solutions:
#   Reduce memory load on the system
#   Increase physical memory or swap space
#   Check if swap backing store is full
#   Decrease Java heap size (-Xmx/-Xms)
#   Decrease number of Java threads
#   Decrease Java thread stack sizes (-Xss)
#   Set larger code cache with -XX:ReservedCodeCacheSize=
#   JVM is running with Zero Based Compressed Oops mode in which the Java heap is
#     placed in the first 32GB address space. The Java Heap base address is the
#     maximum limit for the native heap growth. Please use -XX:HeapBaseMinAddress
#     to set the Java Heap base and to place the Java Heap above 32GB virtual address.
# This output file may be truncated or incomplete.
#
#  Out of Memory Error (memory/allocation.inline.hpp:61), pid=5748, tid=0x0000000000001bb0
#
# JRE version:  (8.0_301-b09) (build )
# Java VM: Java HotSpot(TM) 64-Bit Server VM (25.301-b09 mixed mode windows-amd64 compressed oops)
# Failed to write core dump. Minidumps are not enabled by default on client versions of Windows
#

---------------  T H R E A D  ---------------

Current thread (0x00000289cc631000):  JavaThread "Unknown thread" [_thread_in_vm, id=7088, stack(0x000000ecb8e00000,0x000000ecb8f00000)]

Stack: [0x000000ecb8e00000,0x000000ecb8f00000]
Native frames: (J=compiled Java code, j=interpreted, Vv=VM code, C=native code)
V  [jvm.dll+0x32ed79]
V  [jvm.dll+0x275722]
V  [jvm.dll+0x2763cd]
V  [jvm.dll+0x26ce05]
V  [jvm.dll+0x509d]
V  [jvm.dll+0x3c9fec]
V  [jvm.dll+0x3c6367]
V  [jvm.dll+0xfcdcf]
V  [jvm.dll+0x20a0bb]
V  [jvm.dll+0x238ae7]
V  [jvm.dll+0x162876]
C  [java.exe+0x2312]
C  [java.exe+0x15f54]
C  [KERNEL32.DLL+0x17034]
C  [ntdll.dll+0x52651]


---------------  P R O C E S S  ---------------

Java Threads: ( => current thread )

Other Threads:

=>0x00000289cc631000 (exited) JavaThread "Unknown thread" [_thread_in_vm, id=7088, stack(0x000000ecb8e00000,0x000000ecb8f00000)]

VM state:not at safepoint (normal execution)

VM Mutex/Monitor currently owned by a thread: None

heap address: 0x00000006c2800000, size: 4056 MB, Compressed Oops mode: Zero based, Oop shift amount: 3
Narrow klass base: 0x0000000000000000, Narrow klass shift: 3
Compressed class space size: 1073741824 Address: 0x00000007c0000000

Heap:
 PSYoungGen      total 75776K, used 1300K [0x000000076b800000, 0x0000000770c80000, 0x00000007c0000000)
  eden space 65024K, 2% used [0x000000076b800000,0x000000076b9451f8,0x000000076f780000)
  from space 10752K, 0% used [0x0000000770200000,0x0000000770200000,0x0000000770c80000)
  to   space 10752K, 0% used [0x000000076f780000,0x000000076f780000,0x0000000770200000)
 ParOldGen       total 173568K, used 0K [0x00000006c2800000, 0x00000006cd180000, 0x000000076b800000)
  object space 173568K, 0% used [0x00000006c2800000,0x00000006c2800000,0x00000006cd180000)
 Metaspace       used 778K, capacity 4480K, committed 4480K, reserved 1056768K
  class space    used 76K, capacity 384K, committed 384K, reserved 1048576K

Card table byte_map: [0x00000289dd380000,0x00000289ddb70000] byte_map_base: 0x00000289d9d6c000

Marking Bits: (ParMarkBitMap*) 0x0000000052b27fe0
 Begin Bits: [0x00000289de0c0000, 0x00000289e2020000)
 End Bits:   [0x00000289e2020000, 0x00000289e5f80000)

Polling page: 0x00000289cdf90000

CodeCache: size=245760Kb used=328Kb max_used=328Kb free=245431Kb
 bounds [0x00000289cdfc0000, 0x00000289ce230000, 0x00000289dcfc0000]
 total_blobs=58 nmethods=0 adapters=38
 compilation: enabled

Compilation events (0 events):
No events

GC Heap History (0 events):
No events

Deoptimization events (0 events):
No events

Classes redefined (0 events):
No events

Internal exceptions (0 events):
No events

Events (10 events):
Event: 0.028 loading class java/lang/Short
Event: 0.028 loading class java/lang/Short done
Event: 0.028 loading class java/lang/Integer
Event: 0.028 loading class java/lang/Integer done
Event: 0.028 loading class java/lang/Long
Event: 0.028 loading class java/lang/Long done
Event: 0.029 loading class java/lang/NullPointerException
Event: 0.029 loading class java/lang/NullPointerException done
Event: 0.029 loading class java/lang/ArithmeticException
Event: 0.029 loading class java/lang/ArithmeticException done


Dynamic libraries:
0x00007ff747da0000 - 0x00007ff747de7000 	C:\Program Files\Java\jdk1.8.0_301\bin\java.exe
0x00007fffbc070000 - 0x00007fffbc265000 	C:\WINDOWS\SYSTEM32\ntdll.dll
0x00007fffbb1b0000 - 0x00007fffbb26e000 	C:\WINDOWS\System32\KERNEL32.DLL
0x00007fffb98b0000 - 0x00007fffb9b79000 	C:\WINDOWS\System32\KERNELBASE.dll
0x00007fff8a5c0000 - 0x00007fff8a87b000 	C:\WINDOWS\system32\ctiuser.dll
0x00007fffbbb30000 - 0x00007fffbbbdc000 	C:\WINDOWS\System32\ADVAPI32.dll
0x00007fffba5f0000 - 0x00007fffba68e000 	C:\WINDOWS\System32\msvcrt.dll
0x00007fffbb090000 - 0x00007fffbb12b000 	C:\WINDOWS\System32\sechost.dll
0x00007fffbbe20000 - 0x00007fffbbf4a000 	C:\WINDOWS\System32\RPCRT4.dll
0x00007fffba370000 - 0x00007fffba511000 	C:\WINDOWS\System32\USER32.dll
0x00007fffb9f30000 - 0x00007fffb9f52000 	C:\WINDOWS\System32\win32u.dll
0x00007fffba2a0000 - 0x00007fffba2cb000 	C:\WINDOWS\System32\GDI32.dll
0x00007fffb9b80000 - 0x00007fffb9c8b000 	C:\WINDOWS\System32\gdi32full.dll
0x00007fffb97c0000 - 0x00007fffb985d000 	C:\WINDOWS\System32\msvcp_win.dll
0x00007fffb9da0000 - 0x00007fffb9ea0000 	C:\WINDOWS\System32\ucrtbase.dll
0x00007fffa02f0000 - 0x00007fffa058a000 	C:\WINDOWS\WinSxS\amd64_microsoft.windows.common-controls_6595b64144ccf1df_6.0.19041.1110_none_60b5254171f9507e\COMCTL32.dll
0x00007fffb0f30000 - 0x00007fffb0f3b000 	C:\WINDOWS\system32\FLTLIB.DLL
0x00007fffbc000000 - 0x00007fffbc030000 	C:\WINDOWS\System32\IMM32.DLL
0x00007fffb4f80000 - 0x00007fffb4f95000 	C:\Program Files\Java\jdk1.8.0_301\jre\bin\vcruntime140.dll
0x00007fffa1740000 - 0x00007fffa17db000 	C:\Program Files\Java\jdk1.8.0_301\jre\bin\msvcp140.dll
0x0000000052340000 - 0x0000000052ba0000 	C:\Program Files\Java\jdk1.8.0_301\jre\bin\server\jvm.dll
0x00007fffbacb0000 - 0x00007fffbacb8000 	C:\WINDOWS\System32\PSAPI.DLL
0x00007fff955a0000 - 0x00007fff955a9000 	C:\WINDOWS\SYSTEM32\WSOCK32.dll
0x00007fffbb020000 - 0x00007fffbb08b000 	C:\WINDOWS\System32\WS2_32.dll
0x00007fff9ce10000 - 0x00007fff9ce37000 	C:\WINDOWS\SYSTEM32\WINMM.dll
0x00007fffb2800000 - 0x00007fffb280a000 	C:\WINDOWS\SYSTEM32\VERSION.dll
0x00007fffb8010000 - 0x00007fffb8022000 	C:\WINDOWS\SYSTEM32\kernel.appcore.dll
0x00007fffb4010000 - 0x00007fffb4020000 	C:\Program Files\Java\jdk1.8.0_301\jre\bin\verify.dll
0x00007fffaead0000 - 0x00007fffaeafb000 	C:\Program Files\Java\jdk1.8.0_301\jre\bin\java.dll
0x00007fffa4db0000 - 0x00007fffa4de0000 	C:\Program Files\Java\jdk1.8.0_301\jre\bin\instrument.dll
0x00007fffb3080000 - 0x00007fffb3098000 	C:\Program Files\Java\jdk1.8.0_301\jre\bin\zip.dll
0x00007fffb7590000 - 0x00007fffb7774000 	C:\WINDOWS\SYSTEM32\dbghelp.dll
0x00007fff953e0000 - 0x00007fff9540c000 	C:\WINDOWS\SYSTEM32\dbgcore.DLL
0x00007fffb9ea0000 - 0x00007fffb9f23000 	C:\WINDOWS\System32\bcryptPrimitives.dll

VM Arguments:
jvm_args: -javaagent:C:\Users\trang.nguyen24_onemo\AppData\Local\JetBrains\IntelliJ IDEA Community Edition 2021.2\lib\idea_rt.jar=51573:C:\Users\trang.nguyen24_onemo\AppData\Local\JetBrains\IntelliJ IDEA Community Edition 2021.2\bin -Dfile.encoding=UTF-8 
java_command: student.ReadData
java_class_path (initial): C:\Program Files\Java\jdk1.8.0_301\jre\lib\charsets.jar;C:\Program Files\Java\jdk1.8.0_301\jre\lib\deploy.jar;C:\Program Files\Java\jdk1.8.0_301\jre\lib\ext\access-bridge-64.jar;C:\Program Files\Java\jdk1.8.0_301\jre\lib\ext\cldrdata.jar;C:\Program Files\Java\jdk1.8.0_301\jre\lib\ext\dnsns.jar;C:\Program Files\Java\jdk1.8.0_301\jre\lib\ext\jaccess.jar;C:\Program Files\Java\jdk1.8.0_301\jre\lib\ext\jfxrt.jar;C:\Program Files\Java\jdk1.8.0_301\jre\lib\ext\localedata.jar;C:\Program Files\Java\jdk1.8.0_301\jre\lib\ext\nashorn.jar;C:\Program Files\Java\jdk1.8.0_301\jre\lib\ext\sunec.jar;C:\Program Files\Java\jdk1.8.0_301\jre\lib\ext\sunjce_provider.jar;C:\Program Files\Java\jdk1.8.0_301\jre\lib\ext\sunmscapi.jar;C:\Program Files\Java\jdk1.8.0_301\jre\lib\ext\sunpkcs11.jar;C:\Program Files\Java\jdk1.8.0_301\jre\lib\ext\zipfs.jar;C:\Program Files\Java\jdk1.8.0_301\jre\lib\javaws.jar;C:\Program Files\Java\jdk1.8.0_301\jre\lib\jce.jar;C:\Program Files\Java\jdk1.8.0_301\jre\lib\jfr.jar;C:\Program Files\Java\jdk1.8.0_301\jre\lib\jfxswt.jar;C:\Program Files\Java\jdk1.8.0_301\jre\lib\jsse.jar;C:\Program Files\Java\jdk1.8.0_301\jre\lib\management-agent.jar;C:\Program Files\Java\jdk1.8.0_301\jre\lib\plugin.jar;C:\Program Files\Java\jdk1.8.0_301\jre\lib\resources.jar;C:\Program Files\Java\jdk1.8.0_301\jre\lib\rt.jar;C:\Users\trang.nguyen24_onemo\Documents\MyPractice\CourseraLearning\SoftwareTestingandAutomationSpecialization\FinalExamOMC\target\classes;C:\Users\trang.nguyen24_onemo\.m2\repository\org\junit\jupiter\junit-jupiter-params\5.8.1\junit-jupiter-params-5.8.1.jar;C:\Users\trang.nguyen24_onemo\.m2\repository\org\junit\jupiter\junit-jupiter-api\5.8.1\junit-jupiter-api-5.8.1.jar;C:\Users\trang.nguyen24_onemo\.m2\repository\org\opentest4j\opentest4j\1.2.0\opentest4j-1.2.0.jar;C:\Users\trang.nguyen24_onemo\.m2\repository\org\junit\platform\junit-platform-commons\1.8.1\junit-platform-commons-1.8.1.jar;C:\Users\trang.nguyen24_onemo\.m2\repository\org\a
Launcher Type: SUN_STANDARD

Environment Variables:
PATH=C:\Program Files\Microsoft MPI\Bin\;C:\Program Files\Common Files\Oracle\Java\javapath;C:\Program Files (x86)\Common Files\Oracle\Java\javapath;C:\WINDOWS\system32;C:\WINDOWS;C:\WINDOWS\System32\Wbem;C:\WINDOWS\System32\WindowsPowerShell\v1.0\;C:\WINDOWS\System32\OpenSSH\;C:\Program Files\Microsoft VS Code\bin;C:\Users\trang.nguyen24_onemo\AppData\Local\Microsoft\WindowsApps;C:\Users\trang.nguyen24_onemo\AppData\Local\Programs\Git\cmd
USERNAME=trang.nguyen24_onemo
OS=Windows_NT
PROCESSOR_IDENTIFIER=Intel64 Family 6 Model 142 Stepping 12, GenuineIntel



---------------  S Y S T E M  ---------------

OS: Windows 10.0 , 64 bit Build 19041 (10.0.19041.1202)

CPU:total 8 (initial active 8) (4 cores per cpu, 2 threads per core) family 6 model 142 stepping 12, cmov, cx8, fxsr, mmx, sse, sse2, sse3, ssse3, sse4.1, sse4.2, popcnt, avx, avx2, aes, clmul, erms, 3dnowpref, lzcnt, ht, tsc, tscinvbit, bmi1, bmi2, adx

Memory: 4k page, physical 16610716k(2651264k free), swap 16610716k(5120k free)

vm_info: Java HotSpot(TM) 64-Bit Server VM (25.301-b09) for windows-amd64 JRE (1.8.0_301-b09), built on Jun  9 2021 06:46:21 by "java_re" with MS VC++ 15.9 (VS2017)

time: Thu Oct 28 17:46:07 2021
timezone: SE Asia Standard Time
elapsed time: 0.045822 seconds (0d 0h 0m 0s)

